<?xml version="1.0" encoding="UTF-8"?>
<!-- Generated by org.testng.reporters.JUnitXMLReporter -->
<testsuite hostname="LAPTOP-1NI6SG2O" name="DataDriven test" tests="2" failures="0" timestamp="21 Feb 2018 17:23:10 GMT" time="19.471" errors="0">
  <testcase name="Register" time="0.944" classname="com.DataDriven.NewTours_NewUserRegistration_MultipleTestData"/>
  <testcase name="UserRegistration" time="10.44" classname="com.DataDriven.NewTours_NewUserRegistration_MultipleTestData"/>
</testsuite> <!-- DataDriven test -->
