<?xml version="1.0" encoding="UTF-8"?>
<!-- Generated by org.testng.reporters.JUnitXMLReporter -->
<testsuite hostname="LAPTOP-1NI6SG2O" name="DataDriven2 test" tests="2" failures="0" timestamp="21 Feb 2018 17:32:35 GMT" time="85.622" errors="0">
  <testcase name="Register" time="0.61" classname="com.DataDriven.NewTours_NewUserRegistration_MultipleTestData"/>
  <testcase name="UserRegistration" time="53.257" classname="com.DataDriven.NewTours_NewUserRegistration_MultipleTestData"/>
</testsuite> <!-- DataDriven2 test -->
