<?xml version="1.0" encoding="UTF-8"?>
<!-- Generated by org.testng.reporters.JUnitXMLReporter -->
<testsuite hostname="LAPTOP-1NI6SG2O" name="DataDriven1 test" tests="2" failures="0" timestamp="21 Feb 2018 17:31:51 GMT" time="41.522" errors="0">
  <testcase name="Register" time="5.989" classname="com.DataDriven.NewUserRegistrations_ExcelTestData"/>
  <testcase name="UserRegistration" time="16.098" classname="com.DataDriven.NewUserRegistrations_ExcelTestData"/>
</testsuite> <!-- DataDriven1 test -->
